#
# There is insufficient memory for the Java Runtime Environment to continue.
# Native memory allocation (malloc) failed to allocate 316976 bytes. Error detail: Chunk::new
# Possible reasons:
#   The system is out of physical RAM or swap space
#   This process is running with CompressedOops enabled, and the Java Heap may be blocking the growth of the native heap
# Possible solutions:
#   Reduce memory load on the system
#   Increase physical memory or swap space
#   Check if swap backing store is full
#   Decrease Java heap size (-Xmx/-Xms)
#   Decrease number of Java threads
#   Decrease Java thread stack sizes (-Xss)
#   Set larger code cache with -XX:ReservedCodeCacheSize=
#   JVM is running with Unscaled Compressed Oops mode in which the Java heap is
#     placed in the first 4GB address space. The Java Heap base address is the
#     maximum limit for the native heap growth. Please use -XX:HeapBaseMinAddress
#     to set the Java Heap base and to place the Java Heap above 4GB virtual address.
# This output file may be truncated or incomplete.
#
#  Out of Memory Error (arena.cpp:168), pid=26560, tid=11324
#
# JRE version: OpenJDK Runtime Environment Temurin-21.0.8+9 (21.0.8+9) (build 21.0.8+9-LTS)
# Java VM: OpenJDK 64-Bit Server VM Temurin-21.0.8+9 (21.0.8+9-LTS, mixed mode, sharing, tiered, compressed oops, compressed class ptrs, parallel gc, windows-amd64)
# No core dump will be written. Minidumps are not enabled by default on client versions of Windows
#

---------------  S U M M A R Y ------------

Command Line: --add-modules=ALL-SYSTEM --add-opens=java.base/java.util=ALL-UNNAMED --add-opens=java.base/java.lang=ALL-UNNAMED --add-opens=java.base/sun.nio.fs=ALL-UNNAMED -Declipse.application=org.eclipse.jdt.ls.core.id1 -Dosgi.bundles.defaultStartLevel=4 -Declipse.product=org.eclipse.jdt.ls.core.product -Djava.import.generatesMetadataFilesAtProjectRoot=false -DDetectVMInstallationsJob.disabled=true -Dfile.encoding=utf8 -XX:+UseParallelGC -XX:GCTimeRatio=4 -XX:AdaptiveSizePolicyWeight=90 -Dsun.zip.disableMemoryMapping=true -Xmx2G -Xms100m -Xlog:disable -javaagent:c:\Users\SRINIVASA\.vscode\extensions\redhat.java-1.44.0-win32-x64\lombok\lombok-1.18.39-4050.jar c:\Users\SRINIVASA\.vscode\extensions\redhat.java-1.44.0-win32-x64\server\plugins\org.eclipse.equinox.launcher_1.7.0.v20250519-0528.jar -configuration c:\Users\SRINIVASA\AppData\Roaming\Code\User\globalStorage\redhat.java\1.44.0\config_ss_win -data c:\Users\SRINIVASA\AppData\Roaming\Code\User\workspaceStorage\4a909bdefbd4ee50e2af84ac67909b46\redhat.java\ss_ws --pipe=\\.\pipe\lsp-0798376f643c56a7c21f1178698c2962-sock

Host: AMD Ryzen 5 5500U with Radeon Graphics         , 12 cores, 7G,  Windows 10 , 64 bit Build 19041 (10.0.19041.5915)
Time: Thu Aug 14 16:15:00 2025 India Standard Time elapsed time: 1.001587 seconds (0d 0h 0m 1s)

---------------  T H R E A D  ---------------

Current thread (0x0000025c12a4b260):  JavaThread "C2 CompilerThread1" daemon [_thread_in_native, id=11324, stack(0x00000095b8a00000,0x00000095b8b00000) (1024K)]


Current CompileTask:
C2:1001 1288       4       java.io.DataInputStream::readUTF (501 bytes)

Stack: [0x00000095b8a00000,0x00000095b8b00000]
Native frames: (J=compiled Java code, j=interpreted, Vv=VM code, C=native code)
V  [jvm.dll+0x6d2449]
V  [jvm.dll+0x8ae341]
V  [jvm.dll+0x8b08be]
V  [jvm.dll+0x8b0fa3]
V  [jvm.dll+0x280c96]
V  [jvm.dll+0xc581d]
V  [jvm.dll+0xc5d53]
V  [jvm.dll+0x2f539d]
V  [jvm.dll+0x5fa00a]
V  [jvm.dll+0x252092]
V  [jvm.dll+0x24ab3f]
V  [jvm.dll+0x2483a4]
V  [jvm.dll+0x1c89ee]
V  [jvm.dll+0x257d4d]
V  [jvm.dll+0x2562ea]
V  [jvm.dll+0x3f2d16]
V  [jvm.dll+0x857e6b]
V  [jvm.dll+0x6d0b0d]
C  [ucrtbase.dll+0x21bb2]
C  [KERNEL32.DLL+0x17374]
C  [ntdll.dll+0x4cc91]


---------------  P R O C E S S  ---------------

Threads class SMR info:
_java_thread_list=0x0000025bcf7b7d10, length=13, elements={
0x0000025bb8d1fa40, 0x0000025bcf7be7f0, 0x0000025bcf7bff40, 0x0000025bcf7c1f20,
0x0000025bcf7c2e30, 0x0000025c12781830, 0x0000025c127866d0, 0x0000025c12791b20,
0x0000025c12795210, 0x0000025c12786d60, 0x0000025c12a4b260, 0x0000025c127873f0,
0x0000025c12a4b900
}

Java Threads: ( => current thread )
  0x0000025bb8d1fa40 JavaThread "main"                              [_thread_in_native, id=25556, stack(0x00000095b7d00000,0x00000095b7e00000) (1024K)]
  0x0000025bcf7be7f0 JavaThread "Reference Handler"          daemon [_thread_blocked, id=26276, stack(0x00000095b8100000,0x00000095b8200000) (1024K)]
  0x0000025bcf7bff40 JavaThread "Finalizer"                  daemon [_thread_blocked, id=23884, stack(0x00000095b8200000,0x00000095b8300000) (1024K)]
  0x0000025bcf7c1f20 JavaThread "Signal Dispatcher"          daemon [_thread_blocked, id=22856, stack(0x00000095b8300000,0x00000095b8400000) (1024K)]
  0x0000025bcf7c2e30 JavaThread "Attach Listener"            daemon [_thread_blocked, id=27052, stack(0x00000095b8400000,0x00000095b8500000) (1024K)]
  0x0000025c12781830 JavaThread "Service Thread"             daemon [_thread_blocked, id=9000, stack(0x00000095b8500000,0x00000095b8600000) (1024K)]
  0x0000025c127866d0 JavaThread "Monitor Deflation Thread"   daemon [_thread_blocked, id=25084, stack(0x00000095b8600000,0x00000095b8700000) (1024K)]
  0x0000025c12791b20 JavaThread "C2 CompilerThread0"         daemon [_thread_in_vm, id=9276, stack(0x00000095b8700000,0x00000095b8800000) (1024K)]
  0x0000025c12795210 JavaThread "C1 CompilerThread0"         daemon [_thread_in_vm, id=24980, stack(0x00000095b8800000,0x00000095b8900000) (1024K)]
  0x0000025c12786d60 JavaThread "Common-Cleaner"             daemon [_thread_blocked, id=3696, stack(0x00000095b8900000,0x00000095b8a00000) (1024K)]
=>0x0000025c12a4b260 JavaThread "C2 CompilerThread1"         daemon [_thread_in_native, id=11324, stack(0x00000095b8a00000,0x00000095b8b00000) (1024K)]
  0x0000025c127873f0 JavaThread "Notification Thread"        daemon [_thread_blocked, id=20320, stack(0x00000095b8b00000,0x00000095b8c00000) (1024K)]
  0x0000025c12a4b900 JavaThread "C2 CompilerThread2"         daemon [_thread_in_native, id=8128, stack(0x00000095b8c00000,0x00000095b8d00000) (1024K)]
Total: 13

Other Threads:
  0x0000025bcf7b39a0 VMThread "VM Thread"                           [id=26180, stack(0x00000095b8000000,0x00000095b8100000) (1024K)]
  0x0000025bb8d8b600 WatcherThread "VM Periodic Task Thread"        [id=19356, stack(0x00000095b7f00000,0x00000095b8000000) (1024K)]
  0x0000025bb8d3db50 WorkerThread "GC Thread#0"                     [id=18412, stack(0x00000095b7e00000,0x00000095b7f00000) (1024K)]
  0x0000025c175a1910 WorkerThread "GC Thread#1"                     [id=23148, stack(0x00000095b8d00000,0x00000095b8e00000) (1024K)]
  0x0000025c178c9050 WorkerThread "GC Thread#2"                     [id=25520, stack(0x00000095b8e00000,0x00000095b8f00000) (1024K)]
  0x0000025c175d4410 WorkerThread "GC Thread#3"                     [id=25992, stack(0x00000095b8f00000,0x00000095b9000000) (1024K)]
  0x0000025c175ea1a0 WorkerThread "GC Thread#4"                     [id=27128, stack(0x00000095b9000000,0x00000095b9100000) (1024K)]
  0x0000025c17671830 WorkerThread "GC Thread#5"                     [id=22196, stack(0x00000095b9100000,0x00000095b9200000) (1024K)]
  0x0000025c176723e0 WorkerThread "GC Thread#6"                     [id=18436, stack(0x00000095b9200000,0x00000095b9300000) (1024K)]
Total: 9

Threads with active compile tasks:
C2 CompilerThread0  1021 1311       4       java.io.DataInputStream::readByte (6 bytes)
C1 CompilerThread0  1021 1329       3       java.util.WeakHashMap::get (75 bytes)
C2 CompilerThread1  1021 1288       4       java.io.DataInputStream::readUTF (501 bytes)
C2 CompilerThread2  1021 1313       4       java.io.DataInputStream::readInt (19 bytes)
Total: 4

VM state: not at safepoint (normal execution)

VM Mutex/Monitor currently owned by a thread: None

Heap address: 0x0000000080000000, size: 2048 MB, Compressed Oops mode: 32-bit

CDS archive(s) mapped at: [0x0000025bd0000000-0x0000025bd0ba0000-0x0000025bd0ba0000), size 12189696, SharedBaseAddress: 0x0000025bd0000000, ArchiveRelocationMode: 1.
Compressed class space mapped at: 0x0000025bd1000000-0x0000025c11000000, reserved size: 1073741824
Narrow klass base: 0x0000025bd0000000, Narrow klass shift: 0, Narrow klass range: 0x100000000

GC Precious Log:
 CardTable entry size: 512
 CPUs: 12 total, 12 available
 Memory: 7521M
 Large Page Support: Disabled
 NUMA Support: Disabled
 Compressed Oops: Enabled (32-bit)
 Alignments: Space 512K, Generation 512K, Heap 2M
 Heap Min Capacity: 100M
 Heap Initial Capacity: 100M
 Heap Max Capacity: 2G
 Pre-touch: Disabled
 Parallel Workers: 10

Heap:
 PSYoungGen      total 29696K, used 12111K [0x00000000d5580000, 0x00000000d7680000, 0x0000000100000000)
  eden space 25600K, 34% used [0x00000000d5580000,0x00000000d5e1a200,0x00000000d6e80000)
  from space 4096K, 80% used [0x00000000d6e80000,0x00000000d71b9bb8,0x00000000d7280000)
  to   space 4096K, 0% used [0x00000000d7280000,0x00000000d7280000,0x00000000d7680000)
 ParOldGen       total 68608K, used 16K [0x0000000080000000, 0x0000000084300000, 0x00000000d5580000)
  object space 68608K, 0% used [0x0000000080000000,0x0000000080004000,0x0000000084300000)
 Metaspace       used 5980K, committed 6272K, reserved 1114112K
  class space    used 617K, committed 768K, reserved 1048576K

Card table byte_map: [0x0000025bb8700000,0x0000025bb8b10000] _byte_map_base: 0x0000025bb8300000

Marking Bits: (ParMarkBitMap*) 0x00007ff8f87aa340
 Begin Bits: [0x0000025bcb1d0000, 0x0000025bcd1d0000)
 End Bits:   [0x0000025bcd1d0000, 0x0000025bcf1d0000)

Polling page: 0x0000025bb84f0000

Metaspace:

Usage:
  Non-class:      5.24 MB used.
      Class:    617.16 KB used.
       Both:      5.84 MB used.

Virtual space:
  Non-class space:       64.00 MB reserved,       5.38 MB (  8%) committed,  1 nodes.
      Class space:        1.00 GB reserved,     768.00 KB ( <1%) committed,  1 nodes.
             Both:        1.06 GB reserved,       6.12 MB ( <1%) committed. 

Chunk freelists:
   Non-Class:  10.09 MB
       Class:  15.08 MB
        Both:  25.17 MB

MaxMetaspaceSize: unlimited
CompressedClassSpaceSize: 1.00 GB
Initial GC threshold: 21.00 MB
Current GC threshold: 21.00 MB
CDS: on
 - commit_granule_bytes: 65536.
 - commit_granule_words: 8192.
 - virtual_space_node_default_size: 8388608.
 - enlarge_chunks_in_place: 1.
 - use_allocation_guard: 0.


Internal statistics:

num_allocs_failed_limit: 0.
num_arena_births: 190.
num_arena_deaths: 0.
num_vsnodes_births: 2.
num_vsnodes_deaths: 0.
num_space_committed: 98.
num_space_uncommitted: 0.
num_chunks_returned_to_freelist: 0.
num_chunks_taken_from_freelist: 310.
num_chunk_merges: 0.
num_chunk_splits: 197.
num_chunks_enlarged: 127.
num_inconsistent_stats: 0.

CodeHeap 'non-profiled nmethods': size=120000Kb used=532Kb max_used=532Kb free=119467Kb
 bounds [0x0000025bc39f0000, 0x0000025bc3c60000, 0x0000025bcaf20000]
CodeHeap 'profiled nmethods': size=120000Kb used=2229Kb max_used=2229Kb free=117770Kb
 bounds [0x0000025bbbf20000, 0x0000025bbc190000, 0x0000025bc3450000]
CodeHeap 'non-nmethods': size=5760Kb used=1206Kb max_used=1233Kb free=4553Kb
 bounds [0x0000025bc3450000, 0x0000025bc36c0000, 0x0000025bc39f0000]
CodeCache: size=245760Kb, used=3967Kb, max_used=3994Kb, free=241790Kb
 total_blobs=1795, nmethods=1324, adapters=378, full_count=0
Compilation: enabled, stopped_count=0, restarted_count=0

Compilation events (20 events):
Event: 0.992 Thread 0x0000025c12a4b900 1298       4       java.io.BufferedInputStream::read1 (121 bytes)
Event: 0.993 Thread 0x0000025c12795210 nmethod 1289 0x0000025bbc138490 code [0x0000025bbc1386c0, 0x0000025bbc138dc8]
Event: 0.993 Thread 0x0000025c12795210 1300       3       org.eclipse.osgi.container.ModuleDatabase$Persistence::readString (7 bytes)
Event: 0.993 Thread 0x0000025c12795210 nmethod 1300 0x0000025bbc139110 code [0x0000025bbc1392c0, 0x0000025bbc1393e0]
Event: 0.993 Thread 0x0000025c12795210 1286       3       jdk.internal.util.ByteArray::getInt (9 bytes)
Event: 0.993 Thread 0x0000025c12795210 nmethod 1286 0x0000025bbc139490 code [0x0000025bbc139680, 0x0000025bbc139bb0]
Event: 0.993 Thread 0x0000025c12795210 1291       3       java.io.DataInputStream::readByte (6 bytes)
Event: 0.993 Thread 0x0000025c12795210 nmethod 1291 0x0000025bbc139e10 code [0x0000025bbc139fe0, 0x0000025bbc13a2c8]
Event: 0.993 Thread 0x0000025c12795210 1290       3       org.eclipse.osgi.container.ModuleDatabase$Persistence::readString0 (98 bytes)
Event: 0.994 Thread 0x0000025c12795210 nmethod 1290 0x0000025bbc13a410 code [0x0000025bbc13a780, 0x0000025bbc13bc40]
Event: 0.994 Thread 0x0000025c12795210 1307       3       org.eclipse.osgi.container.ModuleDatabase$Persistence::readMap (118 bytes)
Event: 0.995 Thread 0x0000025c12a4b900 nmethod 1298 0x0000025bc3a6d890 code [0x0000025bc3a6da60, 0x0000025bc3a6dd68]
Event: 0.995 Thread 0x0000025c12a4b900 1303       4       java.io.BufferedInputStream::implRead (112 bytes)
Event: 0.995 Thread 0x0000025c12795210 nmethod 1307 0x0000025bbc13c390 code [0x0000025bbc13c740, 0x0000025bbc13dcc8]
Event: 0.996 Thread 0x0000025c12795210 1305       3       org.eclipse.osgi.container.ModuleDatabase$Persistence::readVersion (7 bytes)
Event: 0.996 Thread 0x0000025c12795210 nmethod 1305 0x0000025bbc13e610 code [0x0000025bbc13e7c0, 0x0000025bbc13e8e0]
Event: 0.996 Thread 0x0000025c12795210 1304       3       org.eclipse.osgi.container.ModuleDatabase$Persistence::readVersion0 (96 bytes)
Event: 0.997 Thread 0x0000025c12795210 nmethod 1304 0x0000025bbc13e990 code [0x0000025bbc13ede0, 0x0000025bbc140c00]
Event: 0.997 Thread 0x0000025c12795210 1306       3       org.eclipse.osgi.container.ModuleDatabase$Persistence::readIndexedMap (16 bytes)
Event: 0.998 Thread 0x0000025c12795210 nmethod 1306 0x0000025bbc141610 code [0x0000025bbc141840, 0x0000025bbc141f38]

GC Heap History (2 events):
Event: 0.833 GC heap before
{Heap before GC invocations=1 (full 0):
 PSYoungGen      total 29696K, used 25600K [0x00000000d5580000, 0x00000000d7680000, 0x0000000100000000)
  eden space 25600K, 100% used [0x00000000d5580000,0x00000000d6e80000,0x00000000d6e80000)
  from space 4096K, 0% used [0x00000000d7280000,0x00000000d7280000,0x00000000d7680000)
  to   space 4096K, 0% used [0x00000000d6e80000,0x00000000d6e80000,0x00000000d7280000)
 ParOldGen       total 68608K, used 0K [0x0000000080000000, 0x0000000084300000, 0x00000000d5580000)
  object space 68608K, 0% used [0x0000000080000000,0x0000000080000000,0x0000000084300000)
 Metaspace       used 4312K, committed 4544K, reserved 1114112K
  class space    used 471K, committed 576K, reserved 1048576K
}
Event: 0.841 GC heap after
{Heap after GC invocations=1 (full 0):
 PSYoungGen      total 29696K, used 3302K [0x00000000d5580000, 0x00000000d7680000, 0x0000000100000000)
  eden space 25600K, 0% used [0x00000000d5580000,0x00000000d5580000,0x00000000d6e80000)
  from space 4096K, 80% used [0x00000000d6e80000,0x00000000d71b9bb8,0x00000000d7280000)
  to   space 4096K, 0% used [0x00000000d7280000,0x00000000d7280000,0x00000000d7680000)
 ParOldGen       total 68608K, used 16K [0x0000000080000000, 0x0000000084300000, 0x00000000d5580000)
  object space 68608K, 0% used [0x0000000080000000,0x0000000080004000,0x0000000084300000)
 Metaspace       used 4312K, committed 4544K, reserved 1114112K
  class space    used 471K, committed 576K, reserved 1048576K
}

Dll operation events (8 events):
Event: 0.019 Loaded shared library c:\Users\SRINIVASA\.vscode\extensions\redhat.java-1.44.0-win32-x64\jre\21.0.8-win32-x86_64\bin\java.dll
Event: 0.111 Loaded shared library c:\Users\SRINIVASA\.vscode\extensions\redhat.java-1.44.0-win32-x64\jre\21.0.8-win32-x86_64\bin\zip.dll
Event: 0.141 Loaded shared library C:\Users\SRINIVASA\.vscode\extensions\redhat.java-1.44.0-win32-x64\jre\21.0.8-win32-x86_64\bin\instrument.dll
Event: 0.146 Loaded shared library C:\Users\SRINIVASA\.vscode\extensions\redhat.java-1.44.0-win32-x64\jre\21.0.8-win32-x86_64\bin\net.dll
Event: 0.150 Loaded shared library C:\Users\SRINIVASA\.vscode\extensions\redhat.java-1.44.0-win32-x64\jre\21.0.8-win32-x86_64\bin\nio.dll
Event: 0.155 Loaded shared library C:\Users\SRINIVASA\.vscode\extensions\redhat.java-1.44.0-win32-x64\jre\21.0.8-win32-x86_64\bin\zip.dll
Event: 0.178 Loaded shared library C:\Users\SRINIVASA\.vscode\extensions\redhat.java-1.44.0-win32-x64\jre\21.0.8-win32-x86_64\bin\jimage.dll
Event: 0.281 Loaded shared library c:\Users\SRINIVASA\.vscode\extensions\redhat.java-1.44.0-win32-x64\jre\21.0.8-win32-x86_64\bin\verify.dll

Deoptimization events (20 events):
Event: 0.891 Thread 0x0000025bb8d1fa40 Uncommon trap: trap_request=0xffffff45 fr.pc=0x0000025bc3a519bc relative=0x000000000000027c
Event: 0.891 Thread 0x0000025bb8d1fa40 Uncommon trap: reason=unstable_if action=reinterpret pc=0x0000025bc3a519bc method=java.util.HashMap.hash(Ljava/lang/Object;)I @ 1 c2
Event: 0.891 Thread 0x0000025bb8d1fa40 DEOPT PACKING pc=0x0000025bc3a519bc sp=0x00000095b7dfebb0
Event: 0.891 Thread 0x0000025bb8d1fa40 DEOPT UNPACKING pc=0x0000025bc34a3aa2 sp=0x00000095b7dfea48 mode 2
Event: 0.892 Thread 0x0000025bb8d1fa40 Uncommon trap: trap_request=0xffffff45 fr.pc=0x0000025bc3a546bc relative=0x000000000000027c
Event: 0.892 Thread 0x0000025bb8d1fa40 Uncommon trap: reason=unstable_if action=reinterpret pc=0x0000025bc3a546bc method=java.util.HashMap.hash(Ljava/lang/Object;)I @ 1 c2
Event: 0.892 Thread 0x0000025bb8d1fa40 DEOPT PACKING pc=0x0000025bc3a546bc sp=0x00000095b7dfeb50
Event: 0.892 Thread 0x0000025bb8d1fa40 DEOPT UNPACKING pc=0x0000025bc34a3aa2 sp=0x00000095b7dfea58 mode 2
Event: 0.892 Thread 0x0000025bb8d1fa40 Uncommon trap: trap_request=0xffffff45 fr.pc=0x0000025bc3a4ca50 relative=0x00000000000000b0
Event: 0.892 Thread 0x0000025bb8d1fa40 Uncommon trap: reason=unstable_if action=reinterpret pc=0x0000025bc3a4ca50 method=java.util.HashMap.hash(Ljava/lang/Object;)I @ 1 c2
Event: 0.892 Thread 0x0000025bb8d1fa40 DEOPT PACKING pc=0x0000025bc3a4ca50 sp=0x00000095b7dfebd0
Event: 0.892 Thread 0x0000025bb8d1fa40 DEOPT UNPACKING pc=0x0000025bc34a3aa2 sp=0x00000095b7dfeb68 mode 2
Event: 0.892 Thread 0x0000025bb8d1fa40 Uncommon trap: trap_request=0xffffffde fr.pc=0x0000025bc3a32a90 relative=0x0000000000000570
Event: 0.892 Thread 0x0000025bb8d1fa40 Uncommon trap: reason=class_check action=maybe_recompile pc=0x0000025bc3a32a90 method=java.util.Collections$UnmodifiableCollection$1.<init>(Ljava/util/Collections$UnmodifiableCollection;)V @ 17 c2
Event: 0.892 Thread 0x0000025bb8d1fa40 DEOPT PACKING pc=0x0000025bc3a32a90 sp=0x00000095b7dfec00
Event: 0.892 Thread 0x0000025bb8d1fa40 DEOPT UNPACKING pc=0x0000025bc34a3aa2 sp=0x00000095b7dfeb48 mode 2
Event: 0.939 Thread 0x0000025bb8d1fa40 Uncommon trap: trap_request=0xffffff45 fr.pc=0x0000025bc3a35df8 relative=0x0000000000000198
Event: 0.939 Thread 0x0000025bb8d1fa40 Uncommon trap: reason=unstable_if action=reinterpret pc=0x0000025bc3a35df8 method=java.lang.invoke.VarHandle.checkAccessModeThenIsDirect(Ljava/lang/invoke/VarHandle$AccessDescriptor;)Z @ 4 c2
Event: 0.939 Thread 0x0000025bb8d1fa40 DEOPT PACKING pc=0x0000025bc3a35df8 sp=0x00000095b7dfebb0
Event: 0.939 Thread 0x0000025bb8d1fa40 DEOPT UNPACKING pc=0x0000025bc34a3aa2 sp=0x00000095b7dfeb08 mode 2

Classes loaded (20 events):
Event: 0.973 Loading class java/util/AbstractQueue done
Event: 0.973 Loading class java/util/concurrent/SynchronousQueue done
Event: 0.973 Loading class java/util/concurrent/SynchronousQueue$Transferer
Event: 0.973 Loading class java/util/concurrent/LinkedTransferQueue
Event: 0.973 Loading class java/util/concurrent/TransferQueue
Event: 0.974 Loading class java/util/concurrent/TransferQueue done
Event: 0.974 Loading class java/util/concurrent/LinkedTransferQueue done
Event: 0.974 Loading class java/util/concurrent/SynchronousQueue$Transferer done
Event: 0.974 Loading class java/util/concurrent/LinkedTransferQueue$DualNode
Event: 0.974 Loading class java/util/concurrent/LinkedTransferQueue$DualNode done
Event: 0.974 Loading class java/util/concurrent/RejectedExecutionHandler
Event: 0.975 Loading class java/util/concurrent/RejectedExecutionHandler done
Event: 0.975 Loading class java/util/concurrent/LinkedBlockingQueue
Event: 0.975 Loading class java/util/concurrent/LinkedBlockingQueue done
Event: 0.975 Loading class java/util/concurrent/LinkedBlockingQueue$Node
Event: 0.975 Loading class java/util/concurrent/LinkedBlockingQueue$Node done
Event: 0.983 Loading class java/util/concurrent/Semaphore$NonfairSync
Event: 0.983 Loading class java/util/concurrent/Semaphore$Sync
Event: 0.983 Loading class java/util/concurrent/Semaphore$Sync done
Event: 0.983 Loading class java/util/concurrent/Semaphore$NonfairSync done

Classes unloaded (0 events):
No events

Classes redefined (0 events):
No events

Internal exceptions (20 events):
Event: 0.595 Thread 0x0000025bb8d1fa40 Exception <a 'java/io/FileNotFoundException'{0x00000000d64c8508}> (0x00000000d64c8508) 
thrown [s\src\hotspot\share\prims\jni.cpp, line 520]
Event: 0.595 Thread 0x0000025bb8d1fa40 Exception <a 'java/io/FileNotFoundException'{0x00000000d64c9190}> (0x00000000d64c9190) 
thrown [s\src\hotspot\share\prims\jni.cpp, line 520]
Event: 0.595 Thread 0x0000025bb8d1fa40 Exception <a 'java/io/FileNotFoundException'{0x00000000d64c9d00}> (0x00000000d64c9d00) 
thrown [s\src\hotspot\share\prims\jni.cpp, line 520]
Event: 0.598 Thread 0x0000025bb8d1fa40 Implicit null exception at 0x0000025bc3a1e9a4 to 0x0000025bc3a1ef38
Event: 0.600 Thread 0x0000025bb8d1fa40 Exception <a 'java/io/FileNotFoundException'{0x00000000d6503ed8}> (0x00000000d6503ed8) 
thrown [s\src\hotspot\share\prims\jni.cpp, line 520]
Event: 0.618 Thread 0x0000025bb8d1fa40 Exception <a 'java/lang/NoSuchMethodError'{0x00000000d653ca28}: 'java.lang.Object java.lang.invoke.DirectMethodHandle$Holder.invokeInterface(java.lang.Object, java.lang.Object)'> (0x00000000d653ca28) 
thrown [s\src\hotspot\share\interpreter\linkResolver.cpp, line 773]
Event: 0.623 Thread 0x0000025bb8d1fa40 Exception <a 'java/lang/NoSuchMethodError'{0x00000000d6550040}: 'java.lang.Object java.lang.invoke.Invokers$Holder.invokeExact_MT(java.lang.Object, java.lang.Object, java.lang.Object, java.lang.Object, java.lang.Object, java.lang.Object)'> (0x00000000d6550040) 
thrown [s\src\hotspot\share\interpreter\linkResolver.cpp, line 773]
Event: 0.634 Thread 0x0000025bb8d1fa40 Exception <a 'java/lang/NoSuchMethodError'{0x00000000d6567298}: 'int java.lang.invoke.DirectMethodHandle$Holder.invokeStatic(java.lang.Object, java.lang.Object, java.lang.Object, java.lang.Object, java.lang.Object)'> (0x00000000d6567298) 
thrown [s\src\hotspot\share\interpreter\linkResolver.cpp, line 773]
Event: 0.679 Thread 0x0000025bb8d1fa40 Exception <a 'java/lang/NoSuchMethodError'{0x00000000d65fc380}: 'java.lang.Object java.lang.invoke.DirectMethodHandle$Holder.invokeInterface(java.lang.Object, java.lang.Object, int)'> (0x00000000d65fc380) 
thrown [s\src\hotspot\share\interpreter\linkResolver.cpp, line 773]
Event: 0.774 Thread 0x0000025bb8d1fa40 Exception <a 'java/lang/NoSuchMethodError'{0x00000000d6a80c68}: 'java.lang.ClassLoader java.lang.ClassLoader.getPlatformClassLoader(java.lang.Class)'> (0x00000000d6a80c68) 
thrown [s\src\hotspot\share\interpreter\linkResolver.cpp, line 773]
Event: 0.845 Thread 0x0000025bb8d1fa40 Exception <a 'java/lang/ClassNotFoundException'{0x00000000d559dbb8}: sun/net/www/protocol/c/Handler> (0x00000000d559dbb8) 
thrown [s\src\hotspot\share\classfile\systemDictionary.cpp, line 312]
Event: 0.845 Thread 0x0000025bb8d1fa40 Exception <a 'java/lang/ClassNotFoundException'{0x00000000d559efc8}: sun/net/www/protocol/c/Handler> (0x00000000d559efc8) 
thrown [s\src\hotspot\share\classfile\systemDictionary.cpp, line 312]
Event: 0.846 Thread 0x0000025bb8d1fa40 Exception <a 'java/lang/ClassNotFoundException'{0x00000000d55a0270}: sun/net/www/protocol/c/Handler> (0x00000000d55a0270) 
thrown [s\src\hotspot\share\classfile\systemDictionary.cpp, line 312]
Event: 0.853 Thread 0x0000025bb8d1fa40 Exception <a 'java/io/FileNotFoundException'{0x00000000d55c4e90}> (0x00000000d55c4e90) 
thrown [s\src\hotspot\share\prims\jni.cpp, line 520]
Event: 0.890 Thread 0x0000025bb8d1fa40 Implicit null exception at 0x0000025bc3a5aa49 to 0x0000025bc3a5b4f0
Event: 0.891 Thread 0x0000025bb8d1fa40 Implicit null exception at 0x0000025bc3a5179a to 0x0000025bc3a519a4
Event: 0.891 Thread 0x0000025bb8d1fa40 Exception <a 'java/lang/NoSuchMethodError'{0x00000000d57b12a8}: 'void java.lang.invoke.DirectMethodHandle$Holder.invokeStatic(java.lang.Object, java.lang.Object, java.lang.Object, java.lang.Object)'> (0x00000000d57b12a8) 
thrown [s\src\hotspot\share\interpreter\linkResolver.cpp, line 773]
Event: 0.892 Thread 0x0000025bb8d1fa40 Implicit null exception at 0x0000025bc3a5449a to 0x0000025bc3a546a4
Event: 0.892 Thread 0x0000025bb8d1fa40 Implicit null exception at 0x0000025bc3a4c9bd to 0x0000025bc3a4ca41
Event: 0.950 Thread 0x0000025bb8d1fa40 Exception <a 'java/lang/NoSuchMethodError'{0x00000000d5a25d18}: 'void java.lang.invoke.DirectMethodHandle$Holder.invokeSpecial(java.lang.Object, java.lang.Object, java.lang.Object)'> (0x00000000d5a25d18) 
thrown [s\src\hotspot\share\interpreter\linkResolver.cpp, line 773]

ZGC Phase Switch (0 events):
No events

VM Operations (14 events):
Event: 0.109 Executing VM operation: HandshakeAllThreads (Deoptimize)
Event: 0.109 Executing VM operation: HandshakeAllThreads (Deoptimize) done
Event: 0.196 Executing VM operation: HandshakeAllThreads (Deoptimize)
Event: 0.196 Executing VM operation: HandshakeAllThreads (Deoptimize) done
Event: 0.548 Executing VM operation: HandshakeAllThreads (Deoptimize)
Event: 0.548 Executing VM operation: HandshakeAllThreads (Deoptimize) done
Event: 0.567 Executing VM operation: HandshakeAllThreads (Deoptimize)
Event: 0.567 Executing VM operation: HandshakeAllThreads (Deoptimize) done
Event: 0.792 Executing VM operation: ICBufferFull
Event: 0.792 Executing VM operation: ICBufferFull done
Event: 0.818 Executing VM operation: HandshakeAllThreads (Deoptimize)
Event: 0.818 Executing VM operation: HandshakeAllThreads (Deoptimize) done
Event: 0.833 Executing VM operation: ParallelGCFailedAllocation (Allocation Failure)
Event: 0.841 Executing VM operation: ParallelGCFailedAllocation (Allocation Failure) done

Memory protections (0 events):
No events

Nmethod flushes (0 events):
No events

Events (13 events):
Event: 0.042 Thread 0x0000025bb8d1fa40 Thread added: 0x0000025bb8d1fa40
Event: 0.069 Thread 0x0000025bb8d1fa40 Thread added: 0x0000025bcf7be7f0
Event: 0.069 Thread 0x0000025bb8d1fa40 Thread added: 0x0000025bcf7bff40
Event: 0.070 Thread 0x0000025bb8d1fa40 Thread added: 0x0000025bcf7c1f20
Event: 0.070 Thread 0x0000025bb8d1fa40 Thread added: 0x0000025bcf7c2e30
Event: 0.070 Thread 0x0000025bb8d1fa40 Thread added: 0x0000025c12781830
Event: 0.070 Thread 0x0000025bb8d1fa40 Thread added: 0x0000025c127866d0
Event: 0.070 Thread 0x0000025bb8d1fa40 Thread added: 0x0000025c12791b20
Event: 0.070 Thread 0x0000025bb8d1fa40 Thread added: 0x0000025c12795210
Event: 0.096 Thread 0x0000025bb8d1fa40 Thread added: 0x0000025c12786d60
Event: 0.275 Thread 0x0000025c12791b20 Thread added: 0x0000025c12a4b260
Event: 0.405 Thread 0x0000025bb8d1fa40 Thread added: 0x0000025c127873f0
Event: 0.408 Thread 0x0000025c12795210 Thread added: 0x0000025c12a4b900


Dynamic libraries:
0x00007ff74f850000 - 0x00007ff74f85e000 	c:\Users\SRINIVASA\.vscode\extensions\redhat.java-1.44.0-win32-x64\jre\21.0.8-win32-x86_64\bin\java.exe
0x00007ff9b6b10000 - 0x00007ff9b6d08000 	C:\windows\SYSTEM32\ntdll.dll
0x00007ff9b6830000 - 0x00007ff9b68f2000 	C:\windows\System32\KERNEL32.DLL
0x00007ff9b4450000 - 0x00007ff9b4746000 	C:\windows\System32\KERNELBASE.dll
0x00007ff9b41a0000 - 0x00007ff9b42a0000 	C:\windows\System32\ucrtbase.dll
0x00007ff9779b0000 - 0x00007ff9779ce000 	c:\Users\SRINIVASA\.vscode\extensions\redhat.java-1.44.0-win32-x64\jre\21.0.8-win32-x86_64\bin\VCRUNTIME140.dll
0x00007ff978020000 - 0x00007ff978038000 	c:\Users\SRINIVASA\.vscode\extensions\redhat.java-1.44.0-win32-x64\jre\21.0.8-win32-x86_64\bin\jli.dll
0x00007ff9b5b70000 - 0x00007ff9b5d0d000 	C:\windows\System32\USER32.dll
0x00007ff9b4340000 - 0x00007ff9b4362000 	C:\windows\System32\win32u.dll
0x00007ff99ceb0000 - 0x00007ff99d14a000 	C:\windows\WinSxS\amd64_microsoft.windows.common-controls_6595b64144ccf1df_6.0.19041.5915_none_60b4b9d171f9c7c7\COMCTL32.dll
0x00007ff9b54d0000 - 0x00007ff9b54fb000 	C:\windows\System32\GDI32.dll
0x00007ff9b5950000 - 0x00007ff9b59ee000 	C:\windows\System32\msvcrt.dll
0x00007ff9b4830000 - 0x00007ff9b4949000 	C:\windows\System32\gdi32full.dll
0x00007ff9b42a0000 - 0x00007ff9b433d000 	C:\windows\System32\msvcp_win.dll
0x00007ff9b5920000 - 0x00007ff9b594f000 	C:\windows\System32\IMM32.DLL
0x00007ff99b5c0000 - 0x00007ff99b5cc000 	c:\Users\SRINIVASA\.vscode\extensions\redhat.java-1.44.0-win32-x64\jre\21.0.8-win32-x86_64\bin\vcruntime140_1.dll
0x00007ff953560000 - 0x00007ff9535ed000 	c:\Users\SRINIVASA\.vscode\extensions\redhat.java-1.44.0-win32-x64\jre\21.0.8-win32-x86_64\bin\msvcp140.dll
0x00007ff8f7af0000 - 0x00007ff8f8887000 	c:\Users\SRINIVASA\.vscode\extensions\redhat.java-1.44.0-win32-x64\jre\21.0.8-win32-x86_64\bin\server\jvm.dll
0x00007ff9b5500000 - 0x00007ff9b55b1000 	C:\windows\System32\ADVAPI32.dll
0x00007ff9b5300000 - 0x00007ff9b539f000 	C:\windows\System32\sechost.dll
0x00007ff9b53a0000 - 0x00007ff9b54c3000 	C:\windows\System32\RPCRT4.dll
0x00007ff9b4420000 - 0x00007ff9b4447000 	C:\windows\System32\bcrypt.dll
0x00007ff9b6270000 - 0x00007ff9b62db000 	C:\windows\System32\WS2_32.dll
0x00007ff9b3bb0000 - 0x00007ff9b3bfb000 	C:\windows\SYSTEM32\POWRPROF.dll
0x00007ff9a99e0000 - 0x00007ff9a99ea000 	C:\windows\SYSTEM32\VERSION.dll
0x00007ff9a8700000 - 0x00007ff9a8727000 	C:\windows\SYSTEM32\WINMM.dll
0x00007ff9b3b60000 - 0x00007ff9b3b72000 	C:\windows\SYSTEM32\UMPDC.dll
0x00007ff9b1fd0000 - 0x00007ff9b1fe2000 	C:\windows\SYSTEM32\kernel.appcore.dll
0x00007ff99b570000 - 0x00007ff99b57a000 	c:\Users\SRINIVASA\.vscode\extensions\redhat.java-1.44.0-win32-x64\jre\21.0.8-win32-x86_64\bin\jimage.dll
0x00007ff9a9d20000 - 0x00007ff9a9f21000 	C:\windows\SYSTEM32\DBGHELP.DLL
0x00007ff997c40000 - 0x00007ff997c74000 	C:\windows\SYSTEM32\dbgcore.DLL
0x00007ff9b47a0000 - 0x00007ff9b4822000 	C:\windows\System32\bcryptPrimitives.dll
0x00007ff99b1b0000 - 0x00007ff99b1bf000 	c:\Users\SRINIVASA\.vscode\extensions\redhat.java-1.44.0-win32-x64\jre\21.0.8-win32-x86_64\bin\instrument.dll
0x00007ff977990000 - 0x00007ff9779af000 	c:\Users\SRINIVASA\.vscode\extensions\redhat.java-1.44.0-win32-x64\jre\21.0.8-win32-x86_64\bin\java.dll
0x00007ff9b4b30000 - 0x00007ff9b529e000 	C:\windows\System32\SHELL32.dll
0x00007ff9b2220000 - 0x00007ff9b29c4000 	C:\windows\SYSTEM32\windows.storage.dll
0x00007ff9b5f10000 - 0x00007ff9b6263000 	C:\windows\System32\combase.dll
0x00007ff9b3b80000 - 0x00007ff9b3bab000 	C:\windows\SYSTEM32\Wldp.dll
0x00007ff9b5e40000 - 0x00007ff9b5f0d000 	C:\windows\System32\OLEAUT32.dll
0x00007ff9b6a20000 - 0x00007ff9b6acd000 	C:\windows\System32\SHCORE.dll
0x00007ff9b5830000 - 0x00007ff9b588b000 	C:\windows\System32\shlwapi.dll
0x00007ff9b40d0000 - 0x00007ff9b40f4000 	C:\windows\SYSTEM32\profapi.dll
0x00007ff977860000 - 0x00007ff977878000 	c:\Users\SRINIVASA\.vscode\extensions\redhat.java-1.44.0-win32-x64\jre\21.0.8-win32-x86_64\bin\zip.dll
0x00007ff995850000 - 0x00007ff995860000 	C:\Users\SRINIVASA\.vscode\extensions\redhat.java-1.44.0-win32-x64\jre\21.0.8-win32-x86_64\bin\net.dll
0x00007ff9b0480000 - 0x00007ff9b058a000 	C:\windows\SYSTEM32\WINHTTP.dll
0x00007ff9b38c0000 - 0x00007ff9b392a000 	C:\windows\system32\mswsock.dll
0x00007ff976330000 - 0x00007ff976346000 	C:\Users\SRINIVASA\.vscode\extensions\redhat.java-1.44.0-win32-x64\jre\21.0.8-win32-x86_64\bin\nio.dll
0x00007ff992be0000 - 0x00007ff992bf0000 	c:\Users\SRINIVASA\.vscode\extensions\redhat.java-1.44.0-win32-x64\jre\21.0.8-win32-x86_64\bin\verify.dll

JVMTI agents:
c:\Users\SRINIVASA\.vscode\extensions\redhat.java-1.44.0-win32-x64\lombok\lombok-1.18.39-4050.jar path:c:\Users\SRINIVASA\.vscode\extensions\redhat.java-1.44.0-win32-x64\jre\21.0.8-win32-x86_64\bin\instrument.dll, loaded, initialized, instrumentlib options:none

dbghelp: loaded successfully - version: 4.0.5 - missing functions: none
symbol engine: initialized successfully - sym options: 0x614 - pdb path: .;c:\Users\SRINIVASA\.vscode\extensions\redhat.java-1.44.0-win32-x64\jre\21.0.8-win32-x86_64\bin;C:\windows\SYSTEM32;C:\windows\WinSxS\amd64_microsoft.windows.common-controls_6595b64144ccf1df_6.0.19041.5915_none_60b4b9d171f9c7c7;c:\Users\SRINIVASA\.vscode\extensions\redhat.java-1.44.0-win32-x64\jre\21.0.8-win32-x86_64\bin\server

VM Arguments:
jvm_args: --add-modules=ALL-SYSTEM --add-opens=java.base/java.util=ALL-UNNAMED --add-opens=java.base/java.lang=ALL-UNNAMED --add-opens=java.base/sun.nio.fs=ALL-UNNAMED -Declipse.application=org.eclipse.jdt.ls.core.id1 -Dosgi.bundles.defaultStartLevel=4 -Declipse.product=org.eclipse.jdt.ls.core.product -Djava.import.generatesMetadataFilesAtProjectRoot=false -DDetectVMInstallationsJob.disabled=true -Dfile.encoding=utf8 -XX:+UseParallelGC -XX:GCTimeRatio=4 -XX:AdaptiveSizePolicyWeight=90 -Dsun.zip.disableMemoryMapping=true -Xmx2G -Xms100m -Xlog:disable -javaagent:c:\Users\SRINIVASA\.vscode\extensions\redhat.java-1.44.0-win32-x64\lombok\lombok-1.18.39-4050.jar 
java_command: c:\Users\SRINIVASA\.vscode\extensions\redhat.java-1.44.0-win32-x64\server\plugins\org.eclipse.equinox.launcher_1.7.0.v20250519-0528.jar -configuration c:\Users\SRINIVASA\AppData\Roaming\Code\User\globalStorage\redhat.java\1.44.0\config_ss_win -data c:\Users\SRINIVASA\AppData\Roaming\Code\User\workspaceStorage\4a909bdefbd4ee50e2af84ac67909b46\redhat.java\ss_ws --pipe=\\.\pipe\lsp-0798376f643c56a7c21f1178698c2962-sock
java_class_path (initial): c:\Users\SRINIVASA\.vscode\extensions\redhat.java-1.44.0-win32-x64\server\plugins\org.eclipse.equinox.launcher_1.7.0.v20250519-0528.jar
Launcher Type: SUN_STANDARD

[Global flags]
    uintx AdaptiveSizePolicyWeight                 = 90                                        {product} {command line}
     intx CICompilerCount                          = 4                                         {product} {ergonomic}
    uintx GCTimeRatio                              = 4                                         {product} {command line}
   size_t InitialHeapSize                          = 104857600                                 {product} {command line}
   size_t MaxHeapSize                              = 2147483648                                {product} {command line}
   size_t MaxNewSize                               = 715653120                                 {product} {ergonomic}
   size_t MinHeapDeltaBytes                        = 524288                                    {product} {ergonomic}
   size_t MinHeapSize                              = 104857600                                 {product} {command line}
   size_t NewSize                                  = 34603008                                  {product} {ergonomic}
    uintx NonNMethodCodeHeapSize                   = 5839372                                {pd product} {ergonomic}
    uintx NonProfiledCodeHeapSize                  = 122909434                              {pd product} {ergonomic}
   size_t OldSize                                  = 70254592                                  {product} {ergonomic}
    uintx ProfiledCodeHeapSize                     = 122909434                              {pd product} {ergonomic}
    uintx ReservedCodeCacheSize                    = 251658240                              {pd product} {ergonomic}
     bool SegmentedCodeCache                       = true                                      {product} {ergonomic}
   size_t SoftMaxHeapSize                          = 2147483648                             {manageable} {ergonomic}
     bool UseCompressedOops                        = true                           {product lp64_product} {ergonomic}
     bool UseLargePagesIndividualAllocation        = false                                  {pd product} {ergonomic}
     bool UseParallelGC                            = true                                      {product} {command line}

Logging:
Log output configuration:
 #0: stdout all=off uptime,level,tags foldmultilines=false
 #1: stderr all=off uptime,level,tags foldmultilines=false

Environment Variables:
PATH=C:\Python313\Scripts\;C:\Python313\;C:\Program Files (x86)\Common Files\Oracle\Java\javapath;C:\Program Files\Common Files\Oracle\Java\javapath;C:\Program Files (x86)\Common Files\Intel\Shared Libraries\redist\intel64\compiler;C:\windows\system32;C:\windows;C:\windows\System32\Wbem;C:\windows\System32\WindowsPowerShell\v1.0\;C:\windows\System32\OpenSSH\;C:\Users\SRINIVASA\AppData\Local\Programs\Python\Python313\Scripts;C:\Users\SRINIVASA\AppData\Local\Programs\Python\Python313;C:\ProgramData\chocolatey\bin;C:\Program Files\nodejs\;C:\Program Files\Git\cmd;C:\Users\SRINIVASA\AppData\Local\Programs\Python\Python311\Scripts\;C:\Users\SRINIVASA\AppData\Local\Programs\Python\Python311\;C:\Users\SRINIVASA\AppData\Local\Microsoft\WindowsApps;C:\Program Files\Multipass\bin;C:\Users\SRINIVASA\AppData\Roaming\npm;C:\Users\SRINIVASA\AppData\Local\GitHubDesktop\bin;C:\Users\SRINIVASA\AppData\Local\Programs\Microsoft VS Code\bin;C:\Program Files\nodejs;
USERNAME=SRINIVASA
OS=Windows_NT
PROCESSOR_IDENTIFIER=AMD64 Family 23 Model 104 Stepping 1, AuthenticAMD
TMP=C:\Users\SRINIV~1\AppData\Local\Temp
TEMP=C:\Users\SRINIV~1\AppData\Local\Temp




Periodic native trim disabled

---------------  S Y S T E M  ---------------

OS:
 Windows 10 , 64 bit Build 19041 (10.0.19041.5915)
OS uptime: 0 days 6:10 hours
Hyper-V role detected

CPU: total 12 (initial active 12) (12 cores per cpu, 2 threads per core) family 23 model 104 stepping 1 microcode 0x0, cx8, cmov, fxsr, ht, mmx, 3dnowpref, sse, sse2, sse3, ssse3, sse4a, sse4.1, sse4.2, popcnt, lzcnt, tsc, tscinvbit, avx, avx2, aes, clmul, bmi1, bmi2, adx, sha, fma, vzeroupper, clflush, clflushopt, hv, rdtscp, rdpid, f16c
Processor Information for the first 12 processors :
  Max Mhz: 2100, Current Mhz: 2100, Mhz Limit: 2100

Memory: 4k page, system-wide physical 7521M (903M free)
TotalPageFile size 18649M (AvailPageFile size 15M)
current process WorkingSet (physical memory assigned to process): 84M, peak: 84M
current process commit charge ("private bytes"): 245M, peak: 245M

vm_info: OpenJDK 64-Bit Server VM (21.0.8+9-LTS) for windows-amd64 JRE (21.0.8+9-LTS), built on 2025-07-15T00:00:00Z by "admin" with MS VC++ 17.7 (VS2022)

END.
